control/build/intermediates/manifest_merge_blame_file/debug/processDebugManifest/manifest-merger-blame-debug-report.txt
1<?xml version="1.0" encoding="utf-8"?>
2<manifest xmlns:android="http://schemas.android.com/apk/res/android"
3    package="dev.lucasnlm.antimine.control" >
4
5    <uses-sdk android:minSdkVersion="21" />
6
7    <uses-permission android:name="android.permission.VIBRATE" />
7-->src\main\AndroidManifest.xml:3:5-66
7-->src\main\AndroidManifest.xml:3:22-63
8
9    <application>
9-->src\main\AndroidManifest.xml:5:5-7:19
10        <activity android:name="dev.lucasnlm.antimine.control.ControlActivity" />
10-->src\main\AndroidManifest.xml:6:9-52
10-->src\main\AndroidManifest.xml:6:19-50
11    </application>
12
13</manifest>